TN:
SF:/home/osobiehl/CLionProjects/SADS-1/infix.c
FN:13,infix_isOperator
FNDA:207,infix_isOperator
FN:31,infix_isdigit
FNDA:328,infix_isdigit
FN:39,infix_operator_precedence
FNDA:54,infix_operator_precedence
FN:57,infix_strerror
FNDA:12,infix_strerror
FN:67,expr_infix_eval
FNDA:43,expr_infix_eval
FN:103,expr_infix_eval_token
FNDA:43,expr_infix_eval_token
DA:13,207
DA:14,207
DA:15,207
DA:16,712
DA:17,703
DA:18,198
DA:19,198
DA:22,207
DA:24,9
DA:25,0
DA:27,9
DA:29,198
DA:31,328
DA:32,536
DA:33,346
DA:34,138
DA:37,190
DA:39,54
DA:40,54
DA:41,17
DA:42,17
DA:43,6
DA:44,6
DA:45,26
DA:46,26
DA:47,2
DA:48,2
DA:49,3
DA:50,3
DA:51,0
DA:52,0
DA:53,0
DA:57,12
DA:58,12
DA:59,3
DA:61,9
DA:62,6
DA:64,3
DA:67,43
DA:68,43
DA:69,0
DA:70,0
DA:72,43
DA:73,43
DA:74,43
DA:76,43
DA:79,43
DA:80,43
DA:81,293
DA:82,250
DA:83,250
DA:84,250
DA:86,43
DA:87,43
DA:88,0
DA:89,0
DA:93,43
DA:95,43
DA:96,12
DA:99,43
DA:103,43
DA:105,43
DA:106,43
DA:108,43
DA:109,0
DA:110,0
DA:112,43
DA:113,293
DA:114,250
DA:116,263
DA:117,229
DA:119,229
DA:121,115
DA:122,6
DA:123,6
DA:126,109
DA:129,114
DA:130,111
DA:131,111
DA:132,0
DA:134,111
DA:138,99
DA:139,0
DA:140,0
DA:144,111
DA:145,18
DA:147,93
DA:149,18
DA:150,18
DA:151,0
DA:152,0
DA:155,39
DA:158,21
DA:159,21
DA:160,21
DA:161,0
DA:162,0
DA:166,18
DA:168,75
DA:169,52
DA:173,23
DA:174,23
DA:175,36
DA:176,27
DA:178,27
DA:179,13
DA:181,23
DA:196,3
DA:197,3
DA:201,75
DA:203,41
DA:206,34
DA:207,34
DA:208,34
DA:209,0
DA:210,0
DA:211,0
DA:212,0
DA:214,0
DA:216,34
DA:217,34
end_of_record
