TN:
SF:/home/osobiehl/CLionProjects/SADS-1/rpn.c
FN:18,rpn_eval_expr
FNDA:20,rpn_eval_expr
FN:52,rpn_isdigit
FNDA:74,rpn_isdigit
FN:60,rpn_isOperator
FNDA:26,rpn_isOperator
FN:82,rpn_eval_token
FNDA:20,rpn_eval_token
FN:198,rpn_strerror
FNDA:8,rpn_strerror
DA:18,20
DA:19,20
DA:20,0
DA:21,0
DA:23,20
DA:24,20
DA:25,20
DA:27,20
DA:30,20
DA:31,20
DA:32,94
DA:33,74
DA:34,74
DA:35,74
DA:37,20
DA:38,20
DA:39,74
DA:40,54
DA:43,20
DA:44,20
DA:45,8
DA:46,8
DA:49,20
DA:52,74
DA:53,126
DA:54,78
DA:55,26
DA:58,48
DA:60,26
DA:61,26
DA:62,26
DA:63,62
DA:64,60
DA:65,24
DA:66,24
DA:69,26
DA:71,2
DA:72,2
DA:74,2
DA:76,24
DA:82,20
DA:83,20
DA:84,0
DA:85,0
DA:87,20
DA:88,20
DA:89,94
DA:90,74
DA:93,20
DA:94,20
DA:95,88
DA:96,74
DA:98,74
DA:100,48
DA:102,48
DA:105,26
DA:106,24
DA:107,24
DA:108,0
DA:109,24
DA:110,24
DA:111,2
DA:112,22
DA:114,22
DA:115,12
DA:116,12
DA:117,12
DA:118,2
DA:119,2
DA:120,2
DA:121,2
DA:122,2
DA:123,2
DA:124,4
DA:125,4
DA:127,2
DA:128,2
DA:129,2
DA:131,2
DA:132,2
DA:133,2
DA:134,2
DA:136,0
DA:137,0
DA:138,0
DA:140,2
DA:141,2
DA:142,0
DA:143,0
DA:146,20
DA:147,20
DA:151,2
DA:152,2
DA:158,14
DA:159,0
DA:161,14
DA:163,14
DA:164,2
DA:165,2
DA:166,10
DA:167,8
DA:168,8
DA:170,2
DA:172,2
DA:176,12
DA:178,12
DA:179,12
DA:182,12
DA:183,10
DA:185,2
DA:186,12
DA:187,0
DA:188,0
DA:190,12
DA:191,0
DA:192,0
DA:195,12
DA:196,12
DA:198,8
DA:201,8
DA:203,2
DA:204,2
DA:205,2
DA:206,2
DA:207,2
DA:208,2
DA:209,2
DA:210,2
DA:211,4
DA:212,4
DA:213,4
DA:214,4
DA:216,8
end_of_record
