TN:
SF:/home/osobiehl/CLionProjects/SADS-1/test/test_stack.c
FN:17,test_stack
FNDA:2,test_stack
FN:53,test_rpn
FNDA:2,test_rpn
FN:86,gdb_suite
FNDA:6,gdb_suite
FN:102,main
FNDA:6,main
DA:17,2
DA:18,2
DA:19,2
DA:20,2
DA:21,0
DA:23,2
DA:24,2
DA:25,2
DA:26,2
DA:27,2
DA:28,2
DA:29,2
DA:31,42
DA:32,40
DA:33,40
DA:35,42
DA:36,40
DA:37,40
DA:40,2
DA:42,2
DA:43,2
DA:45,2
DA:47,2
DA:53,2
DA:55,2
DA:65,14
DA:66,12
DA:67,12
DA:68,12
DA:71,2
DA:72,2
DA:73,2
DA:74,2
DA:75,2
DA:76,2
DA:77,2
DA:78,2
DA:83,2
DA:86,6
DA:91,6
DA:92,6
DA:93,6
DA:95,6
DA:96,6
DA:97,6
DA:98,6
DA:99,6
DA:102,6
DA:104,6
DA:105,6
DA:107,0
DA:113,6
DA:114,6
DA:116,6
DA:117,2
DA:118,2
DA:119,2
end_of_record
