TN:
SF:/home/osobiehl/CLionProjects/SADS-1/rpn_stack.c
FN:17,verify_stack
FNDA:320,verify_stack
FN:31,extend
FNDA:2,extend
FN:40,test
FNDA:0,test
FN:44,rpn_stack_new
FNDA:28,rpn_stack_new
FN:61,rpn_stack_push
FNDA:112,rpn_stack_push
FN:76,rpn_stack_pop
FNDA:112,rpn_stack_pop
FN:91,rpn_stack_peek
FNDA:4,rpn_stack_peek
FN:107,rpn_stack_empty
FNDA:90,rpn_stack_empty
FN:118,rpn_stack_del
FNDA:2,rpn_stack_del
DA:17,320
DA:18,320
DA:19,0
DA:20,0
DA:22,320
DA:23,0
DA:24,0
DA:26,320
DA:27,0
DA:28,0
DA:30,320
DA:31,2
DA:32,2
DA:33,2
DA:34,2
DA:35,0
DA:36,0
DA:38,2
DA:40,0
DA:41,0
DA:44,28
DA:45,28
DA:46,28
DA:47,0
DA:48,0
DA:50,28
DA:51,28
DA:52,28
DA:54,28
DA:55,0
DA:56,0
DA:58,28
DA:61,112
DA:62,112
DA:63,112
DA:64,2
DA:65,112
DA:66,112
DA:68,112
DA:76,112
DA:77,112
DA:78,112
DA:79,2
DA:80,2
DA:82,110
DA:91,4
DA:92,4
DA:94,4
DA:95,2
DA:98,2
DA:107,90
DA:108,90
DA:109,90
DA:118,2
DA:119,2
DA:121,2
DA:122,2
end_of_record
